Аннотация на тему системный анализ баз данных ключ-значение звучит так: "Системный анализ баз данных ключ-значение – это самостоятельная дисциплина, изучающая взаимосвязи между различными объектами баз данных, их логическую структуру и содержание, а также методы и средства их анализа". 
 Системный анализ баз данных ключ-значение – это самостоятельная дисциплина, изучающая взаимосвязи между различными объектами баз данных, их логическую структуру и содержание, а также методы и средства их анализа. 
 Системный анализ баз данных ключ-значение – это самостоятельная дисциплина, изучающая взаимосвязи между различными объектами баз данных, их логическую структуру и содержание, а также методы и средства их анализа. 
 Системный анализ баз данных ключ-значение – это самостоятельная дисциплина, изучающая взаимосвязи между различными объектами

Аннотация на тему системный анализ архитектур и функциональности основных СУБД, использующих модель данных ключ-значение звучит так:
«Системный анализ архитектуры и функциональности основных СУБД, использующих модель данных ключ-значение, позволяет выявить и проанализировать архитектуру и функциональность основных СУБД, а также выявить и проанализировать функциональные возможности основных СУБД, использующих модель данных ключ-значение.
Системный анализ архитектуры и функциональности основных СУБД, использующих модель данных ключ-значение, позволяет выявить и проанализировать архитектуру и функциональность основных СУБД, а также выявить и проанализировать функциональные возможности основных СУБД, использующих модель данных ключ-значение.
Систем

Аннотация на тему системный анализ архитектур и функциональности основных СУБД, использующих модель данных ключ-значение звучит так: 
"Системный анализ архитектуры и функциональности основных СУБД, использующих модель данных ключ-значение, позволяет выявить и проанализировать архитектуру и функциональность основных СУБД, а также выявить и проанализировать функциональные возможности этих СУБД.
Системный анализ архитектуры и функциональности основных СУБД, использующих модель данных ключ-значение, позволяет выявить и проанализировать архитектуру и функциональность основных СУБД, а также выявить и проанализировать функциональные возможности этих СУБД.
Системный анализ архитектуры и функциональности основных СУБД, использующих модель данных ключ-

Аннотация на тему системный анализ архитектур и функциональности основных СУБД, использующих модель данных ключ-значение звучит так: 
"Системный анализ архитектуры и функциональности основных СУБД, использующих модель данных ключ-значение, позволяет выявить и проанализировать архитектуру и функциональность основных СУБД, а также выявить и проанализировать функциональные возможности этих СУБД.
Системный анализ архитектуры и функциональности основных СУБД, использующих модель данных ключ-значение, позволяет выявить и проанализировать архитектуру и функциональность основных СУБД, а также выявить и проанализировать функциональные возможности этих СУБД.
Системный анализ архитектуры и функциональности основных СУБД, использующих модель данных ключ-значение, позволяет выявить и проанализировать архитектуру и функциональность основных СУБД, а также выявить и проанализировать функциональные возможности этих СУБД.
Системный анализ архитектуры и функциональности основных СУБД, использующих модель данных ключ-

Аннотация на тему системный анализ баз данных ключ-значение звучит так: 
«Системный анализ баз данных ключ-значение – это метод анализа данных, позволяющий определить, какие данные являются ключевыми, а какие – нет. 
Ключевые данные – это те, которые определяют, какие данные являются ключевыми, а какие – нет. 
Ключевые данные – это те, которые определяют, какие данные являются ключевыми, а какие – нет. 
Ключевые данные – это те, которые определяют, какие данные являются ключевыми, а какие – нет. 
Ключевые данные – это те, которые определяют, какие данные являются ключевыми, а какие – нет. 
Ключевые данные – это те, которые определяют, какие данные являются ключевыми, а какие – нет. 
Ключевые данные – это те, которые определяют, какие данные являются ключевыми, а какие – нет.
